********************************************************************************
DUPLICATOR-LITE PACKAGE-LOG: June 6, 2018 1:41 am
NOTICE: Do NOT post to public sites or forums 
********************************************************************************
VERSION:	1.2.38
WORDPRESS:	4.9.6
PHP INFO:	7.2.1 | SAPI: apache2handler
SERVER:		Apache/2.2.34 (Unix) mod_wsgi/3.5 Python/2.7.13 PHP/7.2.1 mod_ssl/2.2.34 OpenSSL/1.0.2j DAV/2 mod_fastcgi/2.4.6 mod_perl/2.0.9 Perl/v5.24.0 
PHP TIME LIMIT: (0) no time limit imposed 
PHP MAX MEMORY: 2048M (128M default) 
MEMORY STACK: 22MB 

********************************************************************************
DATABASE:
********************************************************************************
BUILD MODE:   PHP(query limit - 100)
MYSQLTIMEOUT: 5000
MYSQLDUMP:    Not Supported 
TABLES: total:14 | filtered:0 | create:14 
FILTERED: [] 
SQL CREATED: 20180606_foodandwaterwatch_ef747e3126a913a95020180606014129_database.sql 
SQL FILE SIZE: 414.17KB (424108) 
SQL FILE TIME: 2018-06-06 01:41:36 
SQL RUNTIME: 0.13 sec. 

******************************************************************************** 
ARCHIVE (ZIP): 
******************************************************************************** 
ARCHIVE DIR:  /Applications/MAMP/htdocs/wordpress 
ARCHIVE FILE: 20180606_foodandwaterwatch_ef747e3126a913a95020180606014129_archive.zip 
FILTERS: *OFF* 
DIRS:
	not set 
FILES:
	not set 
EXTS:  not set 
---------------------------------------- 
COMPRESSING 
SIZE:	49.13MB 
STATS:	Dirs 225 | Files 2,050 
SQL ADDED: 20180606_foodandwaterwatch_ef747e3126a913a95020180606014129_database.sql 
ZipArchive Object
(
    [status] => 0
    [statusSys] => 0
    [numFiles] => 2275
    [filename] => /Applications/MAMP/htdocs/wordpress/wp-snapshots/tmp/20180606_foodandwaterwatch_ef747e3126a913a95020180606014129_archive.zip
    [comment] => 
)
 
COMPRESSION RESULT: '1' 
COMPRESSED SIZE: 20.77MB 
ARCHIVE RUNTIME: 12.20 sec. 
MEMORY STACK: 24MB 

******************************************************************************** 
MAKE INSTALLER: 
******************************************************************************** 
Build Start 
Build Finished 
Preping for use 
PACK SIZE:  
Template parsed with new data 
Complete [/Applications/MAMP/htdocs/wordpress/wp-snapshots/tmp/20180606_foodandwaterwatch_ef747e3126a913a95020180606014129_installer.php] 
Added to archive 

******************************************************************************** 
INTEGRITY CHECKS: 
******************************************************************************** 
SQL File: 414.17KB 
Installer File: 445.92KB 
Archive File: 20.77MB  

********************************************************************************
RECORD ID:[1]
TOTAL PROCESS RUNTIME: 13.47 sec.
PEAK PHP MEMORY USED: 24MB
DONE PROCESSING => 20180606_foodandwaterwatch June 6, 2018 1:41 am
 
